<?xml version="1.0" encoding="UTF-8"?>
<coverage generated="1743282006997" clover="3.2.0">
  <project timestamp="1743282006997" name="All files">
    <metrics statements="24" coveredstatements="14" conditionals="12" coveredconditionals="5" methods="2" coveredmethods="1" elements="38" coveredelements="20" complexity="0" loc="24" ncloc="24" packages="1" files="1" classes="1"/>
    <file name="useFetchData.ts" path="D:\me\vs-project\gatherfy-front\composables\useFetchData.ts">
      <metrics statements="24" coveredstatements="14" conditionals="12" coveredconditionals="5" methods="2" coveredmethods="1"/>
      <line num="1" count="1" type="stmt"/>
      <line num="3" count="1" type="stmt"/>
      <line num="8" count="5" type="stmt"/>
      <line num="10" count="5" type="stmt"/>
      <line num="11" count="5" type="stmt"/>
      <line num="17" count="5" type="stmt"/>
      <line num="19" count="5" type="cond" truecount="0" falsecount="1"/>
      <line num="20" count="0" type="stmt"/>
      <line num="21" count="0" type="cond" truecount="0" falsecount="3"/>
      <line num="22" count="0" type="stmt"/>
      <line num="24" count="0" type="stmt"/>
      <line num="28" count="5" type="stmt"/>
      <line num="29" count="5" type="cond" truecount="3" falsecount="1"/>
      <line num="31" count="5" type="stmt"/>
      <line num="32" count="5" type="stmt"/>
      <line num="33" count="5" type="stmt"/>
      <line num="34" count="5" type="stmt"/>
      <line num="36" count="0" type="stmt"/>
      <line num="37" count="0" type="stmt"/>
      <line num="39" count="5" type="stmt"/>
      <line num="42" count="0" type="stmt"/>
      <line num="43" count="0" type="stmt"/>
      <line num="48" count="0" type="stmt"/>
      <line num="49" count="0" type="stmt"/>
    </file>
  </project>
</coverage>
