{
  "D:\\me\\vs-project\\gatherfy-front\\composables\\useFetchData.ts": {
    "path": "D:\\me\\vs-project\\gatherfy-front\\composables\\useFetchData.ts",
    "statementMap": {
      "0": {
        "start": { "line": 1, "column": 0 },
        "end": { "line": 1, "column": 40 }
      },
      "1": {
        "start": { "line": 3, "column": 28 },
        "end": { "line": 51, "column": 1 }
      },
      "2": {
        "start": { "line": 8, "column": 17 },
        "end": { "line": 8, "column": 35 }
      },
      "3": {
        "start": { "line": 10, "column": 2 },
        "end": { "line": 50, "column": 3 }
      },
      "4": {
        "start": { "line": 11, "column": 21 },
        "end": { "line": 15, "column": 6 }
      },
      "5": {
        "start": { "line": 17, "column": 19 },
        "end": { "line": 17, "column": 34 }
      },
      "6": {
        "start": { "line": 19, "column": 4 },
        "end": { "line": 27, "column": 5 }
      },
      "7": {
        "start": { "line": 20, "column": 24 },
        "end": { "line": 20, "column": 63 }
      },
      "8": {
        "start": { "line": 20, "column": 58 },
        "end": { "line": 20, "column": 62 }
      },
      "9": {
        "start": { "line": 21, "column": 6 },
        "end": { "line": 23, "column": 7 }
      },
      "10": {
        "start": { "line": 22, "column": 8 },
        "end": { "line": 22, "column": 37 }
      },
      "11": {
        "start": { "line": 24, "column": 6 },
        "end": { "line": 26, "column": 8 }
      },
      "12": {
        "start": { "line": 28, "column": 24 },
        "end": { "line": 28, "column": 60 }
      },
      "13": {
        "start": { "line": 29, "column": 4 },
        "end": { "line": 44, "column": 5 }
      },
      "14": {
        "start": { "line": 31, "column": 27 },
        "end": { "line": 31, "column": 31 }
      },
      "15": {
        "start": { "line": 32, "column": 6 },
        "end": { "line": 38, "column": 7 }
      },
      "16": {
        "start": { "line": 33, "column": 29 },
        "end": { "line": 33, "column": 50 }
      },
      "17": {
        "start": { "line": 34, "column": 8 },
        "end": { "line": 34, "column": 40 }
      },
      "18": {
        "start": { "line": 36, "column": 8 },
        "end": { "line": 36, "column": 52 }
      },
      "19": {
        "start": { "line": 37, "column": 8 },
        "end": { "line": 37, "column": 54 }
      },
      "20": {
        "start": { "line": 39, "column": 6 },
        "end": { "line": 39, "column": 30 }
      },
      "21": {
        "start": { "line": 42, "column": 27 },
        "end": { "line": 42, "column": 48 }
      },
      "22": {
        "start": { "line": 43, "column": 6 },
        "end": { "line": 43, "column": 60 }
      },
      "23": {
        "start": { "line": 48, "column": 4 },
        "end": { "line": 48, "column": 41 }
      },
      "24": {
        "start": { "line": 49, "column": 4 },
        "end": { "line": 49, "column": 60 }
      },
      "25": {
        "start": { "line": 3, "column": 13 },
        "end": { "line": 3, "column": 28 }
      }
    },
    "fnMap": {
      "0": {
        "name": "(anonymous_0)",
        "decl": {
          "start": { "line": 3, "column": 28 },
          "end": { "line": 3, "column": 33 }
        },
        "loc": {
          "start": { "line": 7, "column": 59 },
          "end": { "line": 51, "column": 1 }
        }
      },
      "1": {
        "name": "(anonymous_1)",
        "decl": {
          "start": { "line": 20, "column": 52 },
          "end": { "line": 20, "column": 55 }
        },
        "loc": {
          "start": { "line": 20, "column": 58 },
          "end": { "line": 20, "column": 62 }
        }
      }
    },
    "branchMap": {
      "0": {
        "loc": {
          "start": { "line": 14, "column": 12 },
          "end": { "line": 14, "column": 51 }
        },
        "type": "cond-expr",
        "locations": [
          {
            "start": { "line": 14, "column": 19 },
            "end": { "line": 14, "column": 39 }
          },
          {
            "start": { "line": 14, "column": 42 },
            "end": { "line": 14, "column": 51 }
          }
        ]
      },
      "1": {
        "loc": {
          "start": { "line": 19, "column": 4 },
          "end": { "line": 27, "column": 5 }
        },
        "type": "if",
        "locations": [
          {
            "start": { "line": 19, "column": 4 },
            "end": { "line": 27, "column": 5 }
          }
        ]
      },
      "2": {
        "loc": {
          "start": { "line": 21, "column": 6 },
          "end": { "line": 23, "column": 7 }
        },
        "type": "if",
        "locations": [
          {
            "start": { "line": 21, "column": 6 },
            "end": { "line": 23, "column": 7 }
          }
        ]
      },
      "3": {
        "loc": {
          "start": { "line": 21, "column": 10 },
          "end": { "line": 21, "column": 37 }
        },
        "type": "binary-expr",
        "locations": [
          {
            "start": { "line": 21, "column": 10 },
            "end": { "line": 21, "column": 24 }
          },
          {
            "start": { "line": 21, "column": 28 },
            "end": { "line": 21, "column": 37 }
          }
        ]
      },
      "4": {
        "loc": {
          "start": { "line": 25, "column": 8 },
          "end": { "line": 25, "column": 68 }
        },
        "type": "binary-expr",
        "locations": [
          {
            "start": { "line": 25, "column": 8 },
            "end": { "line": 25, "column": 26 }
          },
          {
            "start": { "line": 25, "column": 30 },
            "end": { "line": 25, "column": 68 }
          }
        ]
      },
      "5": {
        "loc": {
          "start": { "line": 29, "column": 4 },
          "end": { "line": 44, "column": 5 }
        },
        "type": "if",
        "locations": [
          {
            "start": { "line": 29, "column": 4 },
            "end": { "line": 44, "column": 5 }
          },
          {
            "start": { "line": 40, "column": 11 },
            "end": { "line": 44, "column": 5 }
          }
        ]
      },
      "6": {
        "loc": {
          "start": { "line": 29, "column": 8 },
          "end": { "line": 29, "column": 63 }
        },
        "type": "binary-expr",
        "locations": [
          {
            "start": { "line": 29, "column": 8 },
            "end": { "line": 29, "column": 19 }
          },
          {
            "start": { "line": 29, "column": 23 },
            "end": { "line": 29, "column": 63 }
          }
        ]
      }
    },
    "s": {
      "0": 1,
      "1": 1,
      "2": 5,
      "3": 5,
      "4": 5,
      "5": 5,
      "6": 5,
      "7": 0,
      "8": 0,
      "9": 0,
      "10": 0,
      "11": 0,
      "12": 5,
      "13": 5,
      "14": 5,
      "15": 5,
      "16": 5,
      "17": 5,
      "18": 0,
      "19": 0,
      "20": 5,
      "21": 0,
      "22": 0,
      "23": 0,
      "24": 0,
      "25": 1
    },
    "f": { "0": 5, "1": 0 },
    "b": {
      "0": [1, 4],
      "1": [0],
      "2": [0],
      "3": [0, 0],
      "4": [0, 0],
      "5": [5, 0],
      "6": [5, 5]
    }
  }
}
