TN:
SF:composables\useFetchData.ts
FN:3,(anonymous_0)
FN:20,(anonymous_1)
FNF:2
FNH:1
FNDA:5,(anonymous_0)
FNDA:0,(anonymous_1)
DA:1,1
DA:3,1
DA:8,5
DA:10,5
DA:11,5
DA:17,5
DA:19,5
DA:20,0
DA:21,0
DA:22,0
DA:24,0
DA:28,5
DA:29,5
DA:31,5
DA:32,5
DA:33,5
DA:34,5
DA:36,0
DA:37,0
DA:39,5
DA:42,0
DA:43,0
DA:48,0
DA:49,0
LF:24
LH:14
BRDA:14,0,0,1
BRDA:14,0,1,4
BRDA:19,1,0,0
BRDA:21,2,0,0
BRDA:21,3,0,0
BRDA:21,3,1,0
BRDA:25,4,0,0
BRDA:25,4,1,0
BRDA:29,5,0,5
BRDA:29,5,1,0
BRDA:29,6,0,5
BRDA:29,6,1,5
BRF:12
BRH:5
end_of_record
